<?xml version="1.0" encoding="UTF-8"?>
<!-- Generated by org.testng.reporters.JUnitReportReporter -->
<testsuite hostname="LAPTOP-8KDEM45I" failures="0" tests="1" name="testRunner.TestRunner" time="3.473" errors="0" timestamp="2025-05-04T13:52:34 IST" skipped="0">
  <testcase classname="testRunner.TestRunner" name="runScenario" time="3.473"/>
</testsuite> <!-- testRunner.TestRunner -->
