<?xml version="1.0" encoding="UTF-8"?>
<!-- Generated by org.testng.reporters.JUnitReportReporter -->
<testsuite hostname="LAPTOP-8KDEM45I" failures="0" tests="2" name="testRunner.TestRunner" time="3.286" errors="0" timestamp="2025-05-05T22:55:55 IST" skipped="0">
  <testcase classname="testRunner.TestRunner" name="runScenario" time="0.885"/>
  <testcase classname="testRunner.TestRunner" name="runScenario" time="2.401"/>
</testsuite> <!-- testRunner.TestRunner -->
