<?xml version="1.0" encoding="UTF-8"?>
<!-- Generated by org.testng.reporters.JUnitReportReporter -->
<testsuite hostname="LAPTOP-8KDEM45I" failures="0" tests="3" name="testRunner.TestRunner" time="4.909" errors="0" timestamp="2025-05-07T18:25:52 IST" skipped="0">
  <testcase classname="testRunner.TestRunner" name="runScenario" time="1.124"/>
  <testcase classname="testRunner.TestRunner" name="runScenario" time="0.822"/>
  <testcase classname="testRunner.TestRunner" name="runScenario" time="2.963"/>
</testsuite> <!-- testRunner.TestRunner -->
